<?xml version="1.0" encoding="UTF-8"?>
<!-- Generated by org.testng.reporters.JUnitXMLReporter -->
<testsuite hostname="5CD116VBH4" ignored="0" name="ZendyTest" tests="2" failures="0" timestamp="17 Oct 2022 11:51:56 GMT" time="87.004" errors="0">
  <testcase name="TC_searchActive_001" time="57.664" classname="com.TestApp.Testcases.TC_SearchActive_001"/>
  <testcase name="TC_searchAnonymous_002" time="18.834" classname="com.TestApp.Testcases.TC_SearchAnonymous_002"/>
</testsuite> <!-- ZendyTest -->
