<?xml version="1.0" encoding="UTF-8"?>
<!-- Generated by org.testng.reporters.JUnitXMLReporter -->
<testsuite ignored="0" hostname="VAIO" failures="0" tests="2" name="ZendyTest" time="101.08" errors="0" timestamp="17 Oct 2022 16:30:21 GMT">
  <testcase classname="com.TestApp.Testcases.TC_SearchActive_001" name="TC_searchActive_001" time="63.262"/>
  <testcase classname="com.TestApp.Testcases.TC_SearchAnonymous_002" name="TC_searchAnonymous_002" time="24.233"/>
</testsuite> <!-- ZendyTest -->
